#
# There is insufficient memory for the Java Runtime Environment to continue.
# Native memory allocation (malloc) failed to allocate 1635056 bytes. Error detail: Chunk::new
# Possible reasons:
#   The system is out of physical RAM or swap space
#   This process is running with CompressedOops enabled, and the Java Heap may be blocking the growth of the native heap
# Possible solutions:
#   Reduce memory load on the system
#   Increase physical memory or swap space
#   Check if swap backing store is full
#   Decrease Java heap size (-Xmx/-Xms)
#   Decrease number of Java threads
#   Decrease Java thread stack sizes (-Xss)
#   Set larger code cache with -XX:ReservedCodeCacheSize=
#   JVM is running with Unscaled Compressed Oops mode in which the Java heap is
#     placed in the first 4GB address space. The Java Heap base address is the
#     maximum limit for the native heap growth. Please use -XX:HeapBaseMinAddress
#     to set the Java Heap base and to place the Java Heap above 4GB virtual address.
# This output file may be truncated or incomplete.
#
#  Out of Memory Error (arena.cpp:168), pid=28548, tid=25752
#
# JRE version: OpenJDK Runtime Environment Temurin-21.0.4+7 (21.0.4+7) (build 21.0.4+7-LTS)
# Java VM: OpenJDK 64-Bit Server VM Temurin-21.0.4+7 (21.0.4+7-LTS, mixed mode, sharing, tiered, compressed oops, compressed class ptrs, parallel gc, windows-amd64)
# No core dump will be written. Minidumps are not enabled by default on client versions of Windows
#

---------------  S U M M A R Y ------------

Command Line: --add-modules=ALL-SYSTEM --add-opens=java.base/java.util=ALL-UNNAMED --add-opens=java.base/java.lang=ALL-UNNAMED --add-opens=java.base/sun.nio.fs=ALL-UNNAMED -Declipse.application=org.eclipse.jdt.ls.core.id1 -Dosgi.bundles.defaultStartLevel=4 -Declipse.product=org.eclipse.jdt.ls.core.product -Djava.import.generatesMetadataFilesAtProjectRoot=false -DDetectVMInstallationsJob.disabled=true -Dfile.encoding=utf8 -XX:+UseParallelGC -XX:GCTimeRatio=4 -XX:AdaptiveSizePolicyWeight=90 -Dsun.zip.disableMemoryMapping=true -Xmx1G -Xms100m -Xlog:disable -javaagent:c:\Users\juan_\.vscode\extensions\redhat.java-1.34.0-win32-x64\lombok\lombok-1.18.33.jar -XX:+HeapDumpOnOutOfMemoryError -XX:HeapDumpPath=c:\Users\juan_\AppData\Roaming\Code\User\workspaceStorage\45fc6bc55831af15687ecb4d4a509c23\redhat.java -Daether.dependencyCollector.impl=bf c:\Users\juan_\.vscode\extensions\redhat.java-1.34.0-win32-x64\server\plugins\org.eclipse.equinox.launcher_1.6.900.v20240613-2009.jar -configuration c:\Users\juan_\AppData\Roaming\Code\User\globalStorage\redhat.java\1.34.0\config_win -data c:\Users\juan_\AppData\Roaming\Code\User\workspaceStorage\45fc6bc55831af15687ecb4d4a509c23\redhat.java\jdt_ws --pipe=\\.\pipe\lsp-c4f339108c9c6b4a6ecdcfc4f4dcba98-sock

Host: Intel(R) Pentium(R) CPU 6405U @ 2.40GHz, 4 cores, 3G,  Windows 11 , 64 bit Build 22621 (10.0.22621.3958)
Time: Thu Sep 19 11:00:46 2024 Hora est. Pacífico, Sudamérica elapsed time: 3184.372131 seconds (0d 0h 53m 4s)

---------------  T H R E A D  ---------------

Current thread (0x0000028d6b226590):  JavaThread "C2 CompilerThread0" daemon [_thread_in_native, id=25752, stack(0x000000cc14f00000,0x000000cc15000000) (1024K)]


Current CompileTask:
C2:3184373 22358       4       org.eclipse.jdt.internal.core.JavaProject::computePackageFragmentRoots (650 bytes)

Stack: [0x000000cc14f00000,0x000000cc15000000]
Native frames: (J=compiled Java code, j=interpreted, Vv=VM code, C=native code)
V  [jvm.dll+0x6cbcf9]
V  [jvm.dll+0x8a5551]
V  [jvm.dll+0x8a7a7e]
V  [jvm.dll+0x8a8153]
V  [jvm.dll+0x27eca6]
V  [jvm.dll+0xc4aad]
V  [jvm.dll+0xc4fe3]
V  [jvm.dll+0x3b5102]
V  [jvm.dll+0x3815a5]
V  [jvm.dll+0x380a0a]
V  [jvm.dll+0x247110]
V  [jvm.dll+0x2466ef]
V  [jvm.dll+0x1c6f7e]
V  [jvm.dll+0x255e7a]
V  [jvm.dll+0x25441a]
V  [jvm.dll+0x3eeef6]
V  [jvm.dll+0x84f17b]
V  [jvm.dll+0x6ca3fd]
C  [ucrtbase.dll+0x29333]
C  [KERNEL32.DLL+0x1257d]
C  [ntdll.dll+0x5af28]


---------------  P R O C E S S  ---------------

Threads class SMR info:
_java_thread_list=0x0000028d74062eb0, length=43, elements={
0x0000028d4fab4110, 0x0000028d4fb6dd70, 0x0000028d6b21c420, 0x0000028d6b21f8d0,
0x0000028d6b220330, 0x0000028d6b224da0, 0x0000028d6b225800, 0x0000028d6b226590,
0x0000028d6b227ab0, 0x0000028d6b2ce0b0, 0x0000028d703c95c0, 0x0000028d70a6ac00,
0x0000028d70c31c20, 0x0000028d70c33620, 0x0000028d701af260, 0x0000028d712b15c0,
0x0000028d70449a50, 0x0000028d70c873e0, 0x0000028d70c86030, 0x0000028d70c894b0,
0x0000028d70c866c0, 0x0000028d715af4a0, 0x0000028d715b1570, 0x0000028d715ac020,
0x0000028d715aee10, 0x0000028d715b2fb0, 0x0000028d715b3640, 0x0000028d715b1c00,
0x0000028d715ae0f0, 0x0000028d70c87a70, 0x0000028d715b2920, 0x0000028d72ac6ca0,
0x0000028d715b2290, 0x0000028d70c88790, 0x0000028d70c88e20, 0x0000028d72d27c40,
0x0000028d72d28960, 0x0000028d72d29d10, 0x0000028d72d2a3a0, 0x0000028d72d2d820,
0x0000028d72d2cb00, 0x0000028d72d2e540, 0x0000028d72ac3820
}

Java Threads: ( => current thread )
  0x0000028d4fab4110 JavaThread "main"                              [_thread_blocked, id=22768, stack(0x000000cc14500000,0x000000cc14600000) (1024K)]
  0x0000028d4fb6dd70 JavaThread "Reference Handler"          daemon [_thread_blocked, id=10832, stack(0x000000cc14900000,0x000000cc14a00000) (1024K)]
  0x0000028d6b21c420 JavaThread "Finalizer"                  daemon [_thread_blocked, id=29200, stack(0x000000cc14a00000,0x000000cc14b00000) (1024K)]
  0x0000028d6b21f8d0 JavaThread "Signal Dispatcher"          daemon [_thread_blocked, id=15420, stack(0x000000cc14b00000,0x000000cc14c00000) (1024K)]
  0x0000028d6b220330 JavaThread "Attach Listener"            daemon [_thread_blocked, id=17708, stack(0x000000cc14c00000,0x000000cc14d00000) (1024K)]
  0x0000028d6b224da0 JavaThread "Service Thread"             daemon [_thread_blocked, id=15204, stack(0x000000cc14d00000,0x000000cc14e00000) (1024K)]
  0x0000028d6b225800 JavaThread "Monitor Deflation Thread"   daemon [_thread_blocked, id=25092, stack(0x000000cc14e00000,0x000000cc14f00000) (1024K)]
=>0x0000028d6b226590 JavaThread "C2 CompilerThread0"         daemon [_thread_in_native, id=25752, stack(0x000000cc14f00000,0x000000cc15000000) (1024K)]
  0x0000028d6b227ab0 JavaThread "C1 CompilerThread0"         daemon [_thread_blocked, id=17272, stack(0x000000cc15000000,0x000000cc15100000) (1024K)]
  0x0000028d6b2ce0b0 JavaThread "Common-Cleaner"             daemon [_thread_blocked, id=3564, stack(0x000000cc15100000,0x000000cc15200000) (1024K)]
  0x0000028d703c95c0 JavaThread "Notification Thread"        daemon [_thread_blocked, id=29640, stack(0x000000cc15200000,0x000000cc15300000) (1024K)]
  0x0000028d70a6ac00 JavaThread "Active Thread: Equinox Container: 9ccd4eb5-b559-449d-9d7f-66f6d2f62dbb"        [_thread_blocked, id=7124, stack(0x000000cc15600000,0x000000cc15700000) (1024K)]
  0x0000028d70c31c20 JavaThread "Framework Event Dispatcher: Equinox Container: 9ccd4eb5-b559-449d-9d7f-66f6d2f62dbb" daemon [_thread_blocked, id=2996, stack(0x000000cc15700000,0x000000cc15800000) (1024K)]
  0x0000028d70c33620 JavaThread "Start Level: Equinox Container: 9ccd4eb5-b559-449d-9d7f-66f6d2f62dbb" daemon [_thread_blocked, id=24272, stack(0x000000cc15800000,0x000000cc15900000) (1024K)]
  0x0000028d701af260 JavaThread "Bundle File Closer"         daemon [_thread_blocked, id=23528, stack(0x000000cc15900000,0x000000cc15a00000) (1024K)]
  0x0000028d712b15c0 JavaThread "SCR Component Actor"        daemon [_thread_blocked, id=15768, stack(0x000000cc15a00000,0x000000cc15b00000) (1024K)]
  0x0000028d70449a50 JavaThread "Worker-JM"                         [_thread_blocked, id=22172, stack(0x000000cc15c00000,0x000000cc15d00000) (1024K)]
  0x0000028d70c873e0 JavaThread "Worker-3"                          [_thread_blocked, id=14092, stack(0x000000cc16000000,0x000000cc16100000) (1024K)]
  0x0000028d70c86030 JavaThread "Java indexing"              daemon [_thread_blocked, id=28584, stack(0x000000cc15b00000,0x000000cc15c00000) (1024K)]
  0x0000028d70c894b0 JavaThread "JNA Cleaner"                daemon [_thread_blocked, id=4540, stack(0x000000cc16100000,0x000000cc16200000) (1024K)]
  0x0000028d70c866c0 JavaThread "Thread-2"                   daemon [_thread_in_native, id=2428, stack(0x000000cc16200000,0x000000cc16300000) (1024K)]
  0x0000028d715af4a0 JavaThread "Thread-3"                   daemon [_thread_in_native, id=18516, stack(0x000000cc16300000,0x000000cc16400000) (1024K)]
  0x0000028d715b1570 JavaThread "Thread-4"                   daemon [_thread_in_native, id=11600, stack(0x000000cc16400000,0x000000cc16500000) (1024K)]
  0x0000028d715ac020 JavaThread "Thread-5"                   daemon [_thread_in_native, id=16848, stack(0x000000cc16500000,0x000000cc16600000) (1024K)]
  0x0000028d715aee10 JavaThread "Thread-6"                   daemon [_thread_in_native, id=23908, stack(0x000000cc16600000,0x000000cc16700000) (1024K)]
  0x0000028d715b2fb0 JavaThread "pool-2-thread-1"                   [_thread_blocked, id=12212, stack(0x000000cc16700000,0x000000cc16800000) (1024K)]
  0x0000028d715b3640 JavaThread "WorkspaceEventsHandler"            [_thread_blocked, id=26676, stack(0x000000cc16800000,0x000000cc16900000) (1024K)]
  0x0000028d715b1c00 JavaThread "pool-1-thread-1"                   [_thread_blocked, id=29228, stack(0x000000cc16900000,0x000000cc16a00000) (1024K)]
  0x0000028d715ae0f0 JavaThread "Compiler Source File Reader" daemon [_thread_blocked, id=19136, stack(0x000000cc16c00000,0x000000cc16d00000) (1024K)]
  0x0000028d70c87a70 JavaThread "Compiler Source File Reader" daemon [_thread_blocked, id=17600, stack(0x000000cc15e00000,0x000000cc15f00000) (1024K)]
  0x0000028d715b2920 JavaThread "Cleaner-0"                  daemon [_thread_blocked, id=20484, stack(0x000000cc16e00000,0x000000cc16f00000) (1024K)]
  0x0000028d72ac6ca0 JavaThread "Worker-9"                          [_thread_blocked, id=2496, stack(0x000000cc15d00000,0x000000cc15e00000) (1024K)]
  0x0000028d715b2290 JavaThread "Java Debug Server"          daemon [_thread_in_native, id=6452, stack(0x000000cc17000000,0x000000cc17100000) (1024K)]
  0x0000028d70c88790 JavaThread "RxSchedulerPurge-1"         daemon [_thread_blocked, id=3368, stack(0x000000cc17200000,0x000000cc17300000) (1024K)]
  0x0000028d70c88e20 JavaThread "RxCachedWorkerPoolEvictor-1" daemon [_thread_blocked, id=27164, stack(0x000000cc17300000,0x000000cc17400000) (1024K)]
  0x0000028d72d27c40 JavaThread "ForkJoinPool.commonPool-worker-13" daemon [_thread_blocked, id=16732, stack(0x000000cc14400000,0x000000cc14500000) (1024K)]
  0x0000028d72d28960 JavaThread "ForkJoinPool.commonPool-worker-14" daemon [_thread_blocked, id=23792, stack(0x000000cc15f00000,0x000000cc16000000) (1024K)]
  0x0000028d72d29d10 JavaThread "ForkJoinPool.commonPool-worker-16" daemon [_thread_blocked, id=21944, stack(0x000000cc14300000,0x000000cc14400000) (1024K)]
  0x0000028d72d2a3a0 JavaThread "Worker-13"                         [_thread_blocked, id=26252, stack(0x000000cc16a00000,0x000000cc16b00000) (1024K)]
  0x0000028d72d2d820 JavaThread "Compiler Processing Task"   daemon [_thread_blocked, id=28908, stack(0x000000cc16b00000,0x000000cc16c00000) (1024K)]
  0x0000028d72d2cb00 JavaThread "Worker-14"                         [_thread_blocked, id=28580, stack(0x000000cc17100000,0x000000cc17200000) (1024K)]
  0x0000028d72d2e540 JavaThread "Worker-15"                         [_thread_blocked, id=28820, stack(0x000000cc16d00000,0x000000cc16e00000) (1024K)]
  0x0000028d72ac3820 JavaThread "Worker-16"                         [_thread_blocked, id=13964, stack(0x000000cc17400000,0x000000cc17500000) (1024K)]
Total: 43

Other Threads:
  0x0000028d4fb59ad0 VMThread "VM Thread"                           [id=11536, stack(0x000000cc14800000,0x000000cc14900000) (1024K)]
  0x0000028d4fb1fd00 WatcherThread "VM Periodic Task Thread"        [id=27780, stack(0x000000cc14700000,0x000000cc14800000) (1024K)]
  0x0000028d4fad3030 WorkerThread "GC Thread#0"                     [id=5640, stack(0x000000cc14600000,0x000000cc14700000) (1024K)]
  0x0000028d705cfa30 WorkerThread "GC Thread#1"                     [id=28480, stack(0x000000cc15300000,0x000000cc15400000) (1024K)]
  0x0000028d709b2c10 WorkerThread "GC Thread#2"                     [id=18444, stack(0x000000cc15400000,0x000000cc15500000) (1024K)]
  0x0000028d705cfdd0 WorkerThread "GC Thread#3"                     [id=10372, stack(0x000000cc15500000,0x000000cc15600000) (1024K)]
Total: 6

Threads with active compile tasks:
C2 CompilerThread0  3184584 22358       4       org.eclipse.jdt.internal.core.JavaProject::computePackageFragmentRoots (650 bytes)
Total: 1

VM state: not at safepoint (normal execution)

VM Mutex/Monitor currently owned by a thread: None

Heap address: 0x00000000c0000000, size: 1024 MB, Compressed Oops mode: 32-bit

CDS archive(s) mapped at: [0x0000028d00000000-0x0000028d00c90000-0x0000028d00c90000), size 13172736, SharedBaseAddress: 0x0000028d00000000, ArchiveRelocationMode: 1.
Compressed class space mapped at: 0x0000028d01000000-0x0000028d41000000, reserved size: 1073741824
Narrow klass base: 0x0000028d00000000, Narrow klass shift: 0, Narrow klass range: 0x100000000

GC Precious Log:
 CardTable entry size: 512
 CPUs: 4 total, 4 available
 Memory: 3919M
 Large Page Support: Disabled
 NUMA Support: Disabled
 Compressed Oops: Enabled (32-bit)
 Alignments: Space 512K, Generation 512K, Heap 2M
 Heap Min Capacity: 100M
 Heap Initial Capacity: 100M
 Heap Max Capacity: 1G
 Pre-touch: Disabled
 Parallel Workers: 4

Heap:
 PSYoungGen      total 6656K, used 5220K [0x00000000eab00000, 0x00000000eb500000, 0x0000000100000000)
  eden space 6144K, 82% used [0x00000000eab00000,0x00000000eaff9228,0x00000000eb100000)
  from space 512K, 25% used [0x00000000eb400000,0x00000000eb420000,0x00000000eb480000)
  to   space 512K, 0% used [0x00000000eb480000,0x00000000eb480000,0x00000000eb500000)
 ParOldGen       total 684544K, used 684340K [0x00000000c0000000, 0x00000000e9c80000, 0x00000000eab00000)
  object space 684544K, 99% used [0x00000000c0000000,0x00000000e9c4d298,0x00000000e9c80000)
 Metaspace       used 88740K, committed 90176K, reserved 1179648K
  class space    used 8879K, committed 9536K, reserved 1048576K

Card table byte_map: [0x0000028d68b40000,0x0000028d68d50000] _byte_map_base: 0x0000028d68540000

Marking Bits: (ParMarkBitMap*) 0x00007fffabd8c260
 Begin Bits: [0x0000028d68eb0000, 0x0000028d69eb0000)
 End Bits:   [0x0000028d69eb0000, 0x0000028d6aeb0000)

Polling page: 0x0000028d4fb70000

Metaspace:

Usage:
  Non-class:     77.99 MB used.
      Class:      8.67 MB used.
       Both:     86.66 MB used.

Virtual space:
  Non-class space:      128.00 MB reserved,      78.75 MB ( 62%) committed,  2 nodes.
      Class space:        1.00 GB reserved,       9.31 MB ( <1%) committed,  1 nodes.
             Both:        1.12 GB reserved,      88.06 MB (  8%) committed. 

Chunk freelists:
   Non-Class:  815.00 KB
       Class:  6.57 MB
        Both:  7.37 MB

MaxMetaspaceSize: unlimited
CompressedClassSpaceSize: 1.00 GB
Initial GC threshold: 21.00 MB
Current GC threshold: 145.56 MB
CDS: on
 - commit_granule_bytes: 65536.
 - commit_granule_words: 8192.
 - virtual_space_node_default_size: 8388608.
 - enlarge_chunks_in_place: 1.
 - use_allocation_guard: 0.


Internal statistics:

num_allocs_failed_limit: 9.
num_arena_births: 1658.
num_arena_deaths: 406.
num_vsnodes_births: 3.
num_vsnodes_deaths: 0.
num_space_committed: 1409.
num_space_uncommitted: 0.
num_chunks_returned_to_freelist: 481.
num_chunks_taken_from_freelist: 6188.
num_chunk_merges: 109.
num_chunk_splits: 3508.
num_chunks_enlarged: 1817.
num_inconsistent_stats: 0.

CodeHeap 'non-profiled nmethods': size=120000Kb used=15192Kb max_used=15806Kb free=104807Kb
 bounds [0x0000028d61430000, 0x0000028d623a0000, 0x0000028d68960000]
CodeHeap 'profiled nmethods': size=120000Kb used=31835Kb max_used=36992Kb free=88164Kb
 bounds [0x0000028d59960000, 0x0000028d5bd90000, 0x0000028d60e90000]
CodeHeap 'non-nmethods': size=5760Kb used=1520Kb max_used=1607Kb free=4239Kb
 bounds [0x0000028d60e90000, 0x0000028d61100000, 0x0000028d61430000]
 total_blobs=13804 nmethods=12956 adapters=751
 compilation: enabled
              stopped_count=0, restarted_count=0
 full_count=0

Compilation events (20 events):
Event: 3181.714 Thread 0x0000028d6b226590 nmethod 22348 0x0000028d61a68410 code [0x0000028d61a685e0, 0x0000028d61a68b58]
Event: 3181.729 Thread 0x0000028d6b226590 22349       4       org.eclipse.jdt.internal.compiler.lookup.ReferenceBinding::isCompatibleWith (139 bytes)
Event: 3181.731 Thread 0x0000028d6b227ab0 22350       3       org.eclipse.jdt.internal.compiler.ast.ReturnStatement::generateReturnBytecode (9 bytes)
Event: 3181.732 Thread 0x0000028d6b227ab0 nmethod 22350 0x0000028d5abda710 code [0x0000028d5abda8c0, 0x0000028d5abdaa98]
Event: 3181.732 Thread 0x0000028d6b227ab0 22351       3       org.eclipse.jdt.internal.compiler.codegen.StackMapFrameCodeStream::removeNotDefinitelyAssignedVariables (116 bytes)
Event: 3181.734 Thread 0x0000028d6b227ab0 nmethod 22351 0x0000028d5ac9a810 code [0x0000028d5ac9aa00, 0x0000028d5ac9b0d0]
Event: 3181.734 Thread 0x0000028d6b227ab0 22353       3       org.eclipse.jdt.internal.compiler.ast.SubRoutineStatement::reenterAllExceptionHandlers (44 bytes)
Event: 3181.737 Thread 0x0000028d6b227ab0 nmethod 22353 0x0000028d5b510210 code [0x0000028d5b510400, 0x0000028d5b5107f8]
Event: 3181.737 Thread 0x0000028d6b227ab0 22352       3       org.eclipse.jdt.internal.compiler.codegen.StackMapFrameCodeStream::addDefinitelyAssignedVariables (86 bytes)
Event: 3181.738 Thread 0x0000028d6b227ab0 nmethod 22352 0x0000028d5af6da10 code [0x0000028d5af6dbe0, 0x0000028d5af6e0b8]
Event: 3181.738 Thread 0x0000028d6b227ab0 22354       3       org.eclipse.jdt.internal.compiler.ast.ReturnStatement::generateCode (262 bytes)
Event: 3181.739 Thread 0x0000028d6b226590 nmethod 22349 0x0000028d6212a390 code [0x0000028d6212a580, 0x0000028d6212aa80]
Event: 3181.742 Thread 0x0000028d6b227ab0 nmethod 22354 0x0000028d59b75c10 code [0x0000028d59b75f60, 0x0000028d59b77770]
Event: 3181.742 Thread 0x0000028d6b227ab0 22355       3       org.eclipse.jdt.internal.compiler.ast.ReturnStatement::generateStoreSaveValueIfNecessary (25 bytes)
Event: 3181.742 Thread 0x0000028d6b227ab0 nmethod 22355 0x0000028d5b77f010 code [0x0000028d5b77f1c0, 0x0000028d5b77f4a8]
Event: 3182.348 Thread 0x0000028d6b226590 22356       4       org.eclipse.jdt.ls.core.internal.DocumentAdapter::getContents (21 bytes)
Event: 3182.363 Thread 0x0000028d6b226590 nmethod 22356 0x0000028d61966090 code [0x0000028d61966260, 0x0000028d61966818]
Event: 3183.404 Thread 0x0000028d6b227ab0 22357       3       org.eclipse.jdt.internal.codeassist.impl.AssistParser::buildInitialRecoveryState (1366 bytes)
Event: 3183.438 Thread 0x0000028d6b227ab0 nmethod 22357 0x0000028d5a15be10 code [0x0000028d5a15c600, 0x0000028d5a162fb0]
Event: 3183.774 Thread 0x0000028d6b226590 22358       4       org.eclipse.jdt.internal.core.JavaProject::computePackageFragmentRoots (650 bytes)

GC Heap History (20 events):
Event: 3179.253 GC heap before
{Heap before GC invocations=4616 (full 8):
 PSYoungGen      total 4096K, used 3796K [0x00000000eab00000, 0x00000000eb100000, 0x0000000100000000)
  eden space 3584K, 92% used [0x00000000eab00000,0x00000000eae3d098,0x00000000eae80000)
  from space 512K, 93% used [0x00000000eb000000,0x00000000eb078000,0x00000000eb080000)
  to   space 512K, 0% used [0x00000000eb080000,0x00000000eb080000,0x00000000eb100000)
 ParOldGen       total 674816K, used 674396K [0x00000000c0000000, 0x00000000e9300000, 0x00000000eab00000)
  object space 674816K, 99% used [0x00000000c0000000,0x00000000e9297290,0x00000000e9300000)
 Metaspace       used 88707K, committed 90176K, reserved 1179648K
  class space    used 8879K, committed 9536K, reserved 1048576K
}
Event: 3179.258 GC heap after
{Heap after GC invocations=4616 (full 8):
 PSYoungGen      total 4096K, used 466K [0x00000000eab00000, 0x00000000eb100000, 0x0000000100000000)
  eden space 3584K, 0% used [0x00000000eab00000,0x00000000eab00000,0x00000000eae80000)
  from space 512K, 91% used [0x00000000eb080000,0x00000000eb0f4ab8,0x00000000eb100000)
  to   space 512K, 0% used [0x00000000eb000000,0x00000000eb000000,0x00000000eb080000)
 ParOldGen       total 677376K, used 676919K [0x00000000c0000000, 0x00000000e9580000, 0x00000000eab00000)
  object space 677376K, 99% used [0x00000000c0000000,0x00000000e950de98,0x00000000e9580000)
 Metaspace       used 88707K, committed 90176K, reserved 1179648K
  class space    used 8879K, committed 9536K, reserved 1048576K
}
Event: 3179.269 GC heap before
{Heap before GC invocations=4617 (full 8):
 PSYoungGen      total 4096K, used 4050K [0x00000000eab00000, 0x00000000eb100000, 0x0000000100000000)
  eden space 3584K, 100% used [0x00000000eab00000,0x00000000eae80000,0x00000000eae80000)
  from space 512K, 91% used [0x00000000eb080000,0x00000000eb0f4ab8,0x00000000eb100000)
  to   space 512K, 0% used [0x00000000eb000000,0x00000000eb000000,0x00000000eb080000)
 ParOldGen       total 677376K, used 676919K [0x00000000c0000000, 0x00000000e9580000, 0x00000000eab00000)
  object space 677376K, 99% used [0x00000000c0000000,0x00000000e950de98,0x00000000e9580000)
 Metaspace       used 88707K, committed 90176K, reserved 1179648K
  class space    used 8879K, committed 9536K, reserved 1048576K
}
Event: 3179.273 GC heap after
{Heap after GC invocations=4617 (full 8):
 PSYoungGen      total 5120K, used 352K [0x00000000eab00000, 0x00000000eb100000, 0x0000000100000000)
  eden space 4608K, 0% used [0x00000000eab00000,0x00000000eab00000,0x00000000eaf80000)
  from space 512K, 68% used [0x00000000eb000000,0x00000000eb058000,0x00000000eb080000)
  to   space 512K, 0% used [0x00000000eb080000,0x00000000eb080000,0x00000000eb100000)
 ParOldGen       total 677376K, used 677122K [0x00000000c0000000, 0x00000000e9580000, 0x00000000eab00000)
  object space 677376K, 99% used [0x00000000c0000000,0x00000000e9540ae8,0x00000000e9580000)
 Metaspace       used 88707K, committed 90176K, reserved 1179648K
  class space    used 8879K, committed 9536K, reserved 1048576K
}
Event: 3179.291 GC heap before
{Heap before GC invocations=4618 (full 8):
 PSYoungGen      total 5120K, used 4732K [0x00000000eab00000, 0x00000000eb100000, 0x0000000100000000)
  eden space 4608K, 95% used [0x00000000eab00000,0x00000000eaf472c8,0x00000000eaf80000)
  from space 512K, 68% used [0x00000000eb000000,0x00000000eb058000,0x00000000eb080000)
  to   space 512K, 0% used [0x00000000eb080000,0x00000000eb080000,0x00000000eb100000)
 ParOldGen       total 677376K, used 677122K [0x00000000c0000000, 0x00000000e9580000, 0x00000000eab00000)
  object space 677376K, 99% used [0x00000000c0000000,0x00000000e9540ae8,0x00000000e9580000)
 Metaspace       used 88707K, committed 90176K, reserved 1179648K
  class space    used 8879K, committed 9536K, reserved 1048576K
}
Event: 3179.294 GC heap after
{Heap after GC invocations=4618 (full 8):
 PSYoungGen      total 5120K, used 512K [0x00000000eab00000, 0x00000000eb180000, 0x0000000100000000)
  eden space 4608K, 0% used [0x00000000eab00000,0x00000000eab00000,0x00000000eaf80000)
  from space 512K, 100% used [0x00000000eb080000,0x00000000eb100000,0x00000000eb100000)
  to   space 1024K, 0% used [0x00000000eaf80000,0x00000000eaf80000,0x00000000eb080000)
 ParOldGen       total 677888K, used 677450K [0x00000000c0000000, 0x00000000e9600000, 0x00000000eab00000)
  object space 677888K, 99% used [0x00000000c0000000,0x00000000e9592ae8,0x00000000e9600000)
 Metaspace       used 88707K, committed 90176K, reserved 1179648K
  class space    used 8879K, committed 9536K, reserved 1048576K
}
Event: 3179.308 GC heap before
{Heap before GC invocations=4619 (full 8):
 PSYoungGen      total 5120K, used 5104K [0x00000000eab00000, 0x00000000eb180000, 0x0000000100000000)
  eden space 4608K, 99% used [0x00000000eab00000,0x00000000eaf7c058,0x00000000eaf80000)
  from space 512K, 100% used [0x00000000eb080000,0x00000000eb100000,0x00000000eb100000)
  to   space 1024K, 0% used [0x00000000eaf80000,0x00000000eaf80000,0x00000000eb080000)
 ParOldGen       total 677888K, used 677450K [0x00000000c0000000, 0x00000000e9600000, 0x00000000eab00000)
  object space 677888K, 99% used [0x00000000c0000000,0x00000000e9592ae8,0x00000000e9600000)
 Metaspace       used 88707K, committed 90176K, reserved 1179648K
  class space    used 8879K, committed 9536K, reserved 1048576K
}
Event: 3179.311 GC heap after
{Heap after GC invocations=4619 (full 8):
 PSYoungGen      total 5632K, used 672K [0x00000000eab00000, 0x00000000eb180000, 0x0000000100000000)
  eden space 4608K, 0% used [0x00000000eab00000,0x00000000eab00000,0x00000000eaf80000)
  from space 1024K, 65% used [0x00000000eaf80000,0x00000000eb028000,0x00000000eb080000)
  to   space 1024K, 0% used [0x00000000eb080000,0x00000000eb080000,0x00000000eb180000)
 ParOldGen       total 678400K, used 677935K [0x00000000c0000000, 0x00000000e9680000, 0x00000000eab00000)
  object space 678400K, 99% used [0x00000000c0000000,0x00000000e960bf68,0x00000000e9680000)
 Metaspace       used 88707K, committed 90176K, reserved 1179648K
  class space    used 8879K, committed 9536K, reserved 1048576K
}
Event: 3179.323 GC heap before
{Heap before GC invocations=4620 (full 8):
 PSYoungGen      total 5632K, used 5148K [0x00000000eab00000, 0x00000000eb180000, 0x0000000100000000)
  eden space 4608K, 97% used [0x00000000eab00000,0x00000000eaf5f028,0x00000000eaf80000)
  from space 1024K, 65% used [0x00000000eaf80000,0x00000000eb028000,0x00000000eb080000)
  to   space 1024K, 0% used [0x00000000eb080000,0x00000000eb080000,0x00000000eb180000)
 ParOldGen       total 678400K, used 677935K [0x00000000c0000000, 0x00000000e9680000, 0x00000000eab00000)
  object space 678400K, 99% used [0x00000000c0000000,0x00000000e960bf68,0x00000000e9680000)
 Metaspace       used 88707K, committed 90176K, reserved 1179648K
  class space    used 8879K, committed 9536K, reserved 1048576K
}
Event: 3179.328 GC heap after
{Heap after GC invocations=4620 (full 8):
 PSYoungGen      total 6144K, used 192K [0x00000000eab00000, 0x00000000eb180000, 0x0000000100000000)
  eden space 5120K, 0% used [0x00000000eab00000,0x00000000eab00000,0x00000000eb000000)
  from space 1024K, 18% used [0x00000000eb080000,0x00000000eb0b0000,0x00000000eb180000)
  to   space 512K, 0% used [0x00000000eb000000,0x00000000eb000000,0x00000000eb080000)
 ParOldGen       total 682496K, used 681613K [0x00000000c0000000, 0x00000000e9a80000, 0x00000000eab00000)
  object space 682496K, 99% used [0x00000000c0000000,0x00000000e99a3648,0x00000000e9a80000)
 Metaspace       used 88707K, committed 90176K, reserved 1179648K
  class space    used 8879K, committed 9536K, reserved 1048576K
}
Event: 3179.351 GC heap before
{Heap before GC invocations=4621 (full 8):
 PSYoungGen      total 6144K, used 5145K [0x00000000eab00000, 0x00000000eb180000, 0x0000000100000000)
  eden space 5120K, 96% used [0x00000000eab00000,0x00000000eafd6780,0x00000000eb000000)
  from space 1024K, 18% used [0x00000000eb080000,0x00000000eb0b0000,0x00000000eb180000)
  to   space 512K, 0% used [0x00000000eb000000,0x00000000eb000000,0x00000000eb080000)
 ParOldGen       total 682496K, used 681613K [0x00000000c0000000, 0x00000000e9a80000, 0x00000000eab00000)
  object space 682496K, 99% used [0x00000000c0000000,0x00000000e99a3648,0x00000000e9a80000)
 Metaspace       used 88707K, committed 90176K, reserved 1179648K
  class space    used 8879K, committed 9536K, reserved 1048576K
}
Event: 3179.358 GC heap after
{Heap after GC invocations=4621 (full 8):
 PSYoungGen      total 5632K, used 512K [0x00000000eab00000, 0x00000000eb800000, 0x0000000100000000)
  eden space 5120K, 0% used [0x00000000eab00000,0x00000000eab00000,0x00000000eb000000)
  from space 512K, 100% used [0x00000000eb000000,0x00000000eb080000,0x00000000eb080000)
  to   space 3584K, 0% used [0x00000000eb480000,0x00000000eb480000,0x00000000eb800000)
 ParOldGen       total 684544K, used 683797K [0x00000000c0000000, 0x00000000e9c80000, 0x00000000eab00000)
  object space 684544K, 99% used [0x00000000c0000000,0x00000000e9bc5448,0x00000000e9c80000)
 Metaspace       used 88707K, committed 90176K, reserved 1179648K
  class space    used 8879K, committed 9536K, reserved 1048576K
}
Event: 3179.375 GC heap before
{Heap before GC invocations=4622 (full 8):
 PSYoungGen      total 5632K, used 5632K [0x00000000eab00000, 0x00000000eb800000, 0x0000000100000000)
  eden space 5120K, 100% used [0x00000000eab00000,0x00000000eb000000,0x00000000eb000000)
  from space 512K, 100% used [0x00000000eb000000,0x00000000eb080000,0x00000000eb080000)
  to   space 3584K, 0% used [0x00000000eb480000,0x00000000eb480000,0x00000000eb800000)
 ParOldGen       total 684544K, used 683797K [0x00000000c0000000, 0x00000000e9c80000, 0x00000000eab00000)
  object space 684544K, 99% used [0x00000000c0000000,0x00000000e9bc5448,0x00000000e9c80000)
 Metaspace       used 88707K, committed 90176K, reserved 1179648K
  class space    used 8879K, committed 9536K, reserved 1048576K
}
Event: 3179.378 GC heap after
{Heap after GC invocations=4622 (full 8):
 PSYoungGen      total 6656K, used 160K [0x00000000eab00000, 0x00000000eb500000, 0x0000000100000000)
  eden space 6144K, 0% used [0x00000000eab00000,0x00000000eab00000,0x00000000eb100000)
  from space 512K, 31% used [0x00000000eb480000,0x00000000eb4a8000,0x00000000eb500000)
  to   space 1536K, 0% used [0x00000000eb200000,0x00000000eb200000,0x00000000eb380000)
 ParOldGen       total 684544K, used 684237K [0x00000000c0000000, 0x00000000e9c80000, 0x00000000eab00000)
  object space 684544K, 99% used [0x00000000c0000000,0x00000000e9c33448,0x00000000e9c80000)
 Metaspace       used 88707K, committed 90176K, reserved 1179648K
  class space    used 8879K, committed 9536K, reserved 1048576K
}
Event: 3179.396 GC heap before
{Heap before GC invocations=4623 (full 8):
 PSYoungGen      total 6656K, used 6304K [0x00000000eab00000, 0x00000000eb500000, 0x0000000100000000)
  eden space 6144K, 100% used [0x00000000eab00000,0x00000000eb100000,0x00000000eb100000)
  from space 512K, 31% used [0x00000000eb480000,0x00000000eb4a8000,0x00000000eb500000)
  to   space 1536K, 0% used [0x00000000eb200000,0x00000000eb200000,0x00000000eb380000)
 ParOldGen       total 684544K, used 684237K [0x00000000c0000000, 0x00000000e9c80000, 0x00000000eab00000)
  object space 684544K, 99% used [0x00000000c0000000,0x00000000e9c33448,0x00000000e9c80000)
 Metaspace       used 88707K, committed 90176K, reserved 1179648K
  class space    used 8879K, committed 9536K, reserved 1048576K
}
Event: 3179.399 GC heap after
{Heap after GC invocations=4623 (full 8):
 PSYoungGen      total 7680K, used 352K [0x00000000eab00000, 0x00000000eb500000, 0x0000000100000000)
  eden space 6144K, 0% used [0x00000000eab00000,0x00000000eab00000,0x00000000eb100000)
  from space 1536K, 22% used [0x00000000eb200000,0x00000000eb258000,0x00000000eb380000)
  to   space 512K, 0% used [0x00000000eb480000,0x00000000eb480000,0x00000000eb500000)
 ParOldGen       total 684544K, used 684292K [0x00000000c0000000, 0x00000000e9c80000, 0x00000000eab00000)
  object space 684544K, 99% used [0x00000000c0000000,0x00000000e9c41298,0x00000000e9c80000)
 Metaspace       used 88707K, committed 90176K, reserved 1179648K
  class space    used 8879K, committed 9536K, reserved 1048576K
}
Event: 3181.720 GC heap before
{Heap before GC invocations=4624 (full 8):
 PSYoungGen      total 7680K, used 6496K [0x00000000eab00000, 0x00000000eb500000, 0x0000000100000000)
  eden space 6144K, 100% used [0x00000000eab00000,0x00000000eb100000,0x00000000eb100000)
  from space 1536K, 22% used [0x00000000eb200000,0x00000000eb258000,0x00000000eb380000)
  to   space 512K, 0% used [0x00000000eb480000,0x00000000eb480000,0x00000000eb500000)
 ParOldGen       total 684544K, used 684292K [0x00000000c0000000, 0x00000000e9c80000, 0x00000000eab00000)
  object space 684544K, 99% used [0x00000000c0000000,0x00000000e9c41298,0x00000000e9c80000)
 Metaspace       used 88716K, committed 90176K, reserved 1179648K
  class space    used 8879K, committed 9536K, reserved 1048576K
}
Event: 3181.725 GC heap after
{Heap after GC invocations=4624 (full 8):
 PSYoungGen      total 6656K, used 192K [0x00000000eab00000, 0x00000000eb500000, 0x0000000100000000)
  eden space 6144K, 0% used [0x00000000eab00000,0x00000000eab00000,0x00000000eb100000)
  from space 512K, 37% used [0x00000000eb480000,0x00000000eb4b0000,0x00000000eb500000)
  to   space 512K, 0% used [0x00000000eb400000,0x00000000eb400000,0x00000000eb480000)
 ParOldGen       total 684544K, used 684316K [0x00000000c0000000, 0x00000000e9c80000, 0x00000000eab00000)
  object space 684544K, 99% used [0x00000000c0000000,0x00000000e9c47298,0x00000000e9c80000)
 Metaspace       used 88716K, committed 90176K, reserved 1179648K
  class space    used 8879K, committed 9536K, reserved 1048576K
}
Event: 3182.348 GC heap before
{Heap before GC invocations=4625 (full 8):
 PSYoungGen      total 6656K, used 6336K [0x00000000eab00000, 0x00000000eb500000, 0x0000000100000000)
  eden space 6144K, 100% used [0x00000000eab00000,0x00000000eb100000,0x00000000eb100000)
  from space 512K, 37% used [0x00000000eb480000,0x00000000eb4b0000,0x00000000eb500000)
  to   space 512K, 0% used [0x00000000eb400000,0x00000000eb400000,0x00000000eb480000)
 ParOldGen       total 684544K, used 684316K [0x00000000c0000000, 0x00000000e9c80000, 0x00000000eab00000)
  object space 684544K, 99% used [0x00000000c0000000,0x00000000e9c47298,0x00000000e9c80000)
 Metaspace       used 88731K, committed 90176K, reserved 1179648K
  class space    used 8879K, committed 9536K, reserved 1048576K
}
Event: 3182.356 GC heap after
{Heap after GC invocations=4625 (full 8):
 PSYoungGen      total 6656K, used 128K [0x00000000eab00000, 0x00000000eb500000, 0x0000000100000000)
  eden space 6144K, 0% used [0x00000000eab00000,0x00000000eab00000,0x00000000eb100000)
  from space 512K, 25% used [0x00000000eb400000,0x00000000eb420000,0x00000000eb480000)
  to   space 512K, 0% used [0x00000000eb480000,0x00000000eb480000,0x00000000eb500000)
 ParOldGen       total 684544K, used 684340K [0x00000000c0000000, 0x00000000e9c80000, 0x00000000eab00000)
  object space 684544K, 99% used [0x00000000c0000000,0x00000000e9c4d298,0x00000000e9c80000)
 Metaspace       used 88731K, committed 90176K, reserved 1179648K
  class space    used 8879K, committed 9536K, reserved 1048576K
}

Dll operation events (15 events):
Event: 0.067 Loaded shared library C:\Program Files\Eclipse Adoptium\jdk-21.0.4.7-hotspot\bin\java.dll
Event: 0.477 Loaded shared library C:\Program Files\Eclipse Adoptium\jdk-21.0.4.7-hotspot\bin\jsvml.dll
Event: 1.567 Loaded shared library C:\Program Files\Eclipse Adoptium\jdk-21.0.4.7-hotspot\bin\zip.dll
Event: 1.576 Loaded shared library C:\Program Files\Eclipse Adoptium\jdk-21.0.4.7-hotspot\bin\instrument.dll
Event: 1.591 Loaded shared library C:\Program Files\Eclipse Adoptium\jdk-21.0.4.7-hotspot\bin\net.dll
Event: 1.665 Loaded shared library C:\Program Files\Eclipse Adoptium\jdk-21.0.4.7-hotspot\bin\nio.dll
Event: 1.673 Loaded shared library C:\Program Files\Eclipse Adoptium\jdk-21.0.4.7-hotspot\bin\zip.dll
Event: 1.748 Loaded shared library C:\Program Files\Eclipse Adoptium\jdk-21.0.4.7-hotspot\bin\jimage.dll
Event: 2.240 Loaded shared library C:\Program Files\Eclipse Adoptium\jdk-21.0.4.7-hotspot\bin\verify.dll
Event: 7.892 Loaded shared library C:\Users\juan_\AppData\Roaming\Code\User\globalStorage\redhat.java\1.34.0\config_win\org.eclipse.equinox.launcher\org.eclipse.equinox.launcher.win32.win32.x86_64_1.2.1100.v20240722-2106\eclipse_11904.dll
Event: 15.195 Loaded shared library C:\Program Files\Eclipse Adoptium\jdk-21.0.4.7-hotspot\bin\management.dll
Event: 15.202 Loaded shared library C:\Program Files\Eclipse Adoptium\jdk-21.0.4.7-hotspot\bin\management_ext.dll
Event: 23.967 Loaded shared library C:\Users\juan_\AppData\Local\Temp\jna-101475495\jna2822918784566165245.dll
Event: 26.470 Loaded shared library C:\Program Files\Eclipse Adoptium\jdk-21.0.4.7-hotspot\bin\sunmscapi.dll
Event: 27.885 Loaded shared library C:\Program Files\Eclipse Adoptium\jdk-21.0.4.7-hotspot\bin\extnet.dll

Deoptimization events (20 events):
Event: 3162.852 Thread 0x0000028d72d28960 DEOPT PACKING pc=0x0000028d61ae3714 sp=0x000000cc15ffe820
Event: 3162.852 Thread 0x0000028d72d28960 DEOPT UNPACKING pc=0x0000028d60ee3a9c sp=0x000000cc15ffe6e8 mode 2
Event: 3168.099 Thread 0x0000028d72d29d10 Uncommon trap: trap_request=0xffffff45 fr.pc=0x0000028d622aaed4 relative=0x0000000000000734
Event: 3168.099 Thread 0x0000028d72d29d10 Uncommon trap: reason=unstable_if action=reinterpret pc=0x0000028d622aaed4 method=org.eclipse.jdt.internal.compiler.parser.Scanner.scanForStringLiteral()I @ 143 c2
Event: 3168.099 Thread 0x0000028d72d29d10 DEOPT PACKING pc=0x0000028d622aaed4 sp=0x000000cc143fe480
Event: 3168.099 Thread 0x0000028d72d29d10 DEOPT UNPACKING pc=0x0000028d60ee3a9c sp=0x000000cc143fe3e8 mode 2
Event: 3169.552 Thread 0x0000028d70c86030 Uncommon trap: trap_request=0xffffff6e fr.pc=0x0000028d615eac24 relative=0x0000000000000604
Event: 3169.552 Thread 0x0000028d70c86030 Uncommon trap: reason=loop_limit_check action=maybe_recompile pc=0x0000028d615eac24 method=org.eclipse.jdt.internal.compiler.util.SimpleSet.rehash()V @ 44 c2
Event: 3169.552 Thread 0x0000028d70c86030 DEOPT PACKING pc=0x0000028d615eac24 sp=0x000000cc15bfef90
Event: 3169.552 Thread 0x0000028d70c86030 DEOPT UNPACKING pc=0x0000028d60ee3a9c sp=0x000000cc15bfef30 mode 2
Event: 3179.205 Thread 0x0000028d72d28960 DEOPT PACKING pc=0x0000028d5b74ca7d sp=0x000000cc15ffe570
Event: 3179.205 Thread 0x0000028d72d28960 DEOPT UNPACKING pc=0x0000028d60ee4223 sp=0x000000cc15ffda40 mode 0
Event: 3179.208 Thread 0x0000028d72d28960 DEOPT PACKING pc=0x0000028d5b74ca7d sp=0x000000cc15ffe570
Event: 3179.208 Thread 0x0000028d72d28960 DEOPT UNPACKING pc=0x0000028d60ee4223 sp=0x000000cc15ffda40 mode 0
Event: 3179.407 Thread 0x0000028d72d28960 DEOPT PACKING pc=0x0000028d5b74ca7d sp=0x000000cc15ffe630
Event: 3179.407 Thread 0x0000028d72d28960 DEOPT UNPACKING pc=0x0000028d60ee4223 sp=0x000000cc15ffdb00 mode 0
Event: 3179.441 Thread 0x0000028d72d28960 Uncommon trap: trap_request=0xffffffde fr.pc=0x0000028d61704f2c relative=0x0000000000000b2c
Event: 3179.441 Thread 0x0000028d72d28960 Uncommon trap: reason=class_check action=maybe_recompile pc=0x0000028d61704f2c method=org.eclipse.lsp4j.jsonrpc.json.adapters.CollectionTypeAdapter.write(Lcom/google/gson/stream/JsonWriter;Ljava/util/Collection;)V @ 70 c2
Event: 3179.441 Thread 0x0000028d72d28960 DEOPT PACKING pc=0x0000028d61704f2c sp=0x000000cc15ffeeb0
Event: 3179.441 Thread 0x0000028d72d28960 DEOPT UNPACKING pc=0x0000028d60ee3a9c sp=0x000000cc15ffeeb0 mode 2

Classes loaded (20 events):
Event: 1897.011 Loading class java/util/concurrent/CompletableFuture$UniWhenComplete
Event: 1897.012 Loading class java/util/concurrent/CompletableFuture$UniWhenComplete done
Event: 1897.014 Loading class java/util/concurrent/CompletableFuture$UniCompose
Event: 1897.015 Loading class java/util/concurrent/CompletableFuture$UniCompose done
Event: 1897.015 Loading class java/util/concurrent/CompletableFuture$UniRelay
Event: 1897.017 Loading class java/util/concurrent/CompletableFuture$UniRelay done
Event: 1897.206 Loading class java/util/concurrent/ScheduledThreadPoolExecutor$DelayedWorkQueue$Itr
Event: 1897.208 Loading class java/util/concurrent/ScheduledThreadPoolExecutor$DelayedWorkQueue$Itr done
Event: 1905.545 Loading class java/util/stream/Streams$RangeIntSpliterator
Event: 1905.546 Loading class java/util/stream/Streams$RangeIntSpliterator done
Event: 1905.557 Loading class java/lang/ProcessHandleImpl$ExitCompletion
Event: 1905.558 Loading class java/lang/ProcessHandleImpl$ExitCompletion done
Event: 1905.559 Loading class java/lang/ProcessHandleImpl$1
Event: 1905.559 Loading class java/lang/ProcessHandleImpl$1 done
Event: 1905.561 Loading class java/util/concurrent/CompletableFuture$UniHandle
Event: 1905.562 Loading class java/util/concurrent/CompletableFuture$UniHandle done
Event: 2815.134 Loading class java/util/stream/ReferencePipeline$15
Event: 2815.142 Loading class java/util/stream/ReferencePipeline$15 done
Event: 2815.147 Loading class java/util/stream/ReferencePipeline$15$1
Event: 2815.150 Loading class java/util/stream/ReferencePipeline$15$1 done

Classes unloaded (20 events):
Event: 2966.905 Thread 0x0000028d4fb59ad0 Unloading class 0x0000028d018b5800 'java/lang/invoke/LambdaForm$MH+0x0000028d018b5800'
Event: 2966.905 Thread 0x0000028d4fb59ad0 Unloading class 0x0000028d018b5400 'java/lang/invoke/LambdaForm$MH+0x0000028d018b5400'
Event: 2966.905 Thread 0x0000028d4fb59ad0 Unloading class 0x0000028d018b5000 'java/lang/invoke/LambdaForm$MH+0x0000028d018b5000'
Event: 2966.905 Thread 0x0000028d4fb59ad0 Unloading class 0x0000028d018b1800 'java/lang/invoke/LambdaForm$MH+0x0000028d018b1800'
Event: 2966.905 Thread 0x0000028d4fb59ad0 Unloading class 0x0000028d018b0800 'java/lang/invoke/LambdaForm$MH+0x0000028d018b0800'
Event: 2966.905 Thread 0x0000028d4fb59ad0 Unloading class 0x0000028d018b0400 'java/lang/invoke/LambdaForm$MH+0x0000028d018b0400'
Event: 2966.905 Thread 0x0000028d4fb59ad0 Unloading class 0x0000028d018b0000 'java/lang/invoke/LambdaForm$MH+0x0000028d018b0000'
Event: 2966.905 Thread 0x0000028d4fb59ad0 Unloading class 0x0000028d01428c00 'java/lang/invoke/LambdaForm$BMH+0x0000028d01428c00'
Event: 2966.905 Thread 0x0000028d4fb59ad0 Unloading class 0x0000028d011a9c00 'java/lang/invoke/LambdaForm$MH+0x0000028d011a9c00'
Event: 2966.906 Thread 0x0000028d4fb59ad0 Unloading class 0x0000028d011a9800 'java/lang/invoke/LambdaForm$MH+0x0000028d011a9800'
Event: 2966.906 Thread 0x0000028d4fb59ad0 Unloading class 0x0000028d011a9000 'java/lang/invoke/LambdaForm$MH+0x0000028d011a9000'
Event: 2966.906 Thread 0x0000028d4fb59ad0 Unloading class 0x0000028d01161400 'java/lang/invoke/LambdaForm$MH+0x0000028d01161400'
Event: 2966.906 Thread 0x0000028d4fb59ad0 Unloading class 0x0000028d01160c00 'java/lang/invoke/LambdaForm$MH+0x0000028d01160c00'
Event: 2966.906 Thread 0x0000028d4fb59ad0 Unloading class 0x0000028d01160800 'java/lang/invoke/LambdaForm$MH+0x0000028d01160800'
Event: 2966.906 Thread 0x0000028d4fb59ad0 Unloading class 0x0000028d01160400 'java/lang/invoke/LambdaForm$MH+0x0000028d01160400'
Event: 2966.906 Thread 0x0000028d4fb59ad0 Unloading class 0x0000028d0115d800 'java/lang/invoke/LambdaForm$MH+0x0000028d0115d800'
Event: 2966.906 Thread 0x0000028d4fb59ad0 Unloading class 0x0000028d0115c400 'java/lang/invoke/LambdaForm$MH+0x0000028d0115c400'
Event: 2966.906 Thread 0x0000028d4fb59ad0 Unloading class 0x0000028d0115c000 'java/lang/invoke/LambdaForm$MH+0x0000028d0115c000'
Event: 2966.906 Thread 0x0000028d4fb59ad0 Unloading class 0x0000028d01119800 'java/lang/invoke/LambdaForm$MH+0x0000028d01119800'
Event: 2966.906 Thread 0x0000028d4fb59ad0 Unloading class 0x0000028d01118800 'java/lang/invoke/LambdaForm$MH+0x0000028d01118800'

Classes redefined (0 events):
No events

Internal exceptions (20 events):
Event: 3135.406 Thread 0x0000028d72d27c40 Exception <a 'java/lang/NoSuchMethodError'{0x00000000eace5ea8}: 'void java.lang.invoke.DelegatingMethodHandle$Holder.reinvoke_L(java.lang.Object, java.lang.Object, int)'> (0x00000000eace5ea8) 
thrown [s\src\hotspot\share\interpreter\linkResolver.cpp, line 773]
Event: 3143.036 Thread 0x0000028d70c86030 Exception <a 'sun/nio/fs/WindowsException'{0x00000000ead05218}> (0x00000000ead05218) 
thrown [s\src\hotspot\share\prims\jni.cpp, line 520]
Event: 3143.212 Thread 0x0000028d70c86030 Exception <a 'sun/nio/fs/WindowsException'{0x00000000eab38a50}> (0x00000000eab38a50) 
thrown [s\src\hotspot\share\prims\jni.cpp, line 520]
Event: 3148.205 Thread 0x0000028d70c86030 Exception <a 'sun/nio/fs/WindowsException'{0x00000000eac08f50}> (0x00000000eac08f50) 
thrown [s\src\hotspot\share\prims\jni.cpp, line 520]
Event: 3148.661 Thread 0x0000028d70c86030 Exception <a 'sun/nio/fs/WindowsException'{0x00000000eab61318}> (0x00000000eab61318) 
thrown [s\src\hotspot\share\prims\jni.cpp, line 520]
Event: 3161.187 Thread 0x0000028d70c86030 Exception <a 'sun/nio/fs/WindowsException'{0x00000000eacdb620}> (0x00000000eacdb620) 
thrown [s\src\hotspot\share\prims\jni.cpp, line 520]
Event: 3161.381 Thread 0x0000028d70c86030 Exception <a 'sun/nio/fs/WindowsException'{0x00000000eab15f18}> (0x00000000eab15f18) 
thrown [s\src\hotspot\share\prims\jni.cpp, line 520]
Event: 3164.810 Thread 0x0000028d70c86030 Exception <a 'sun/nio/fs/WindowsException'{0x00000000ead6c2e0}> (0x00000000ead6c2e0) 
thrown [s\src\hotspot\share\prims\jni.cpp, line 520]
Event: 3165.004 Thread 0x0000028d70c86030 Exception <a 'sun/nio/fs/WindowsException'{0x00000000eaccdf98}> (0x00000000eaccdf98) 
thrown [s\src\hotspot\share\prims\jni.cpp, line 520]
Event: 3166.507 Thread 0x0000028d70c86030 Exception <a 'sun/nio/fs/WindowsException'{0x00000000eace46e8}> (0x00000000eace46e8) 
thrown [s\src\hotspot\share\prims\jni.cpp, line 520]
Event: 3167.010 Thread 0x0000028d70c86030 Exception <a 'sun/nio/fs/WindowsException'{0x00000000eadafa08}> (0x00000000eadafa08) 
thrown [s\src\hotspot\share\prims\jni.cpp, line 520]
Event: 3169.157 Thread 0x0000028d70c86030 Exception <a 'sun/nio/fs/WindowsException'{0x00000000eac0c0d8}> (0x00000000eac0c0d8) 
thrown [s\src\hotspot\share\prims\jni.cpp, line 520]
Event: 3169.539 Thread 0x0000028d70c86030 Exception <a 'sun/nio/fs/WindowsException'{0x00000000ead853c8}> (0x00000000ead853c8) 
thrown [s\src\hotspot\share\prims\jni.cpp, line 520]
Event: 3179.429 Thread 0x0000028d72d28960 Exception <a 'java/lang/ClassNotFoundException'{0x00000000eac55290}: sun/net/www/protocol/jdt/Handler> (0x00000000eac55290) 
thrown [s\src\hotspot\share\classfile\systemDictionary.cpp, line 312]
Event: 3179.430 Thread 0x0000028d72d28960 Exception <a 'java/lang/ClassNotFoundException'{0x00000000eac57f70}: sun/net/www/protocol/jdt/Handler> (0x00000000eac57f70) 
thrown [s\src\hotspot\share\classfile\systemDictionary.cpp, line 312]
Event: 3179.431 Thread 0x0000028d72d28960 Exception <a 'java/lang/ClassNotFoundException'{0x00000000eac5cf38}: sun/net/www/protocol/jdt/Handler> (0x00000000eac5cf38) 
thrown [s\src\hotspot\share\classfile\systemDictionary.cpp, line 312]
Event: 3179.431 Thread 0x0000028d72d28960 Exception <a 'java/lang/ClassNotFoundException'{0x00000000eac616a8}: sun/net/www/protocol/jdt/Handler> (0x00000000eac616a8) 
thrown [s\src\hotspot\share\classfile\systemDictionary.cpp, line 312]
Event: 3179.431 Thread 0x0000028d72d28960 Exception <a 'java/lang/ClassNotFoundException'{0x00000000eac63e98}: sun/net/www/protocol/jdt/Handler> (0x00000000eac63e98) 
thrown [s\src\hotspot\share\classfile\systemDictionary.cpp, line 312]
Event: 3179.431 Thread 0x0000028d72d28960 Exception <a 'java/lang/ClassNotFoundException'{0x00000000eac666c8}: sun/net/www/protocol/jdt/Handler> (0x00000000eac666c8) 
thrown [s\src\hotspot\share\classfile\systemDictionary.cpp, line 312]
Event: 3179.431 Thread 0x0000028d72d28960 Exception <a 'java/lang/ClassNotFoundException'{0x00000000eac68f20}: sun/net/www/protocol/jdt/Handler> (0x00000000eac68f20) 
thrown [s\src\hotspot\share\classfile\systemDictionary.cpp, line 312]

ZGC Phase Switch (0 events):
No events

VM Operations (20 events):
Event: 3179.269 Executing VM operation: ParallelGCFailedAllocation (Allocation Failure)
Event: 3179.273 Executing VM operation: ParallelGCFailedAllocation (Allocation Failure) done
Event: 3179.291 Executing VM operation: ParallelGCFailedAllocation (Allocation Failure)
Event: 3179.294 Executing VM operation: ParallelGCFailedAllocation (Allocation Failure) done
Event: 3179.308 Executing VM operation: ParallelGCFailedAllocation (Allocation Failure)
Event: 3179.311 Executing VM operation: ParallelGCFailedAllocation (Allocation Failure) done
Event: 3179.323 Executing VM operation: ParallelGCFailedAllocation (Allocation Failure)
Event: 3179.328 Executing VM operation: ParallelGCFailedAllocation (Allocation Failure) done
Event: 3179.351 Executing VM operation: ParallelGCFailedAllocation (Allocation Failure)
Event: 3179.358 Executing VM operation: ParallelGCFailedAllocation (Allocation Failure) done
Event: 3179.375 Executing VM operation: ParallelGCFailedAllocation (Allocation Failure)
Event: 3179.378 Executing VM operation: ParallelGCFailedAllocation (Allocation Failure) done
Event: 3179.396 Executing VM operation: ParallelGCFailedAllocation (Allocation Failure)
Event: 3179.399 Executing VM operation: ParallelGCFailedAllocation (Allocation Failure) done
Event: 3181.720 Executing VM operation: ParallelGCFailedAllocation (Allocation Failure)
Event: 3181.725 Executing VM operation: ParallelGCFailedAllocation (Allocation Failure) done
Event: 3182.348 Executing VM operation: ParallelGCFailedAllocation (Allocation Failure)
Event: 3182.356 Executing VM operation: ParallelGCFailedAllocation (Allocation Failure) done
Event: 3183.371 Executing VM operation: Cleanup
Event: 3183.402 Executing VM operation: Cleanup done

Memory protections (0 events):
No events

Nmethod flushes (20 events):
Event: 2967.721 Thread 0x0000028d4fb59ad0 flushing  nmethod 0x0000028d5bd0f490
Event: 2967.721 Thread 0x0000028d4fb59ad0 flushing  nmethod 0x0000028d5bd11b10
Event: 2967.721 Thread 0x0000028d4fb59ad0 flushing  nmethod 0x0000028d5bd1d790
Event: 2967.721 Thread 0x0000028d4fb59ad0 flushing  nmethod 0x0000028d5bd21810
Event: 2967.721 Thread 0x0000028d4fb59ad0 flushing  nmethod 0x0000028d5bd21f10
Event: 2967.721 Thread 0x0000028d4fb59ad0 flushing  nmethod 0x0000028d5bd30d90
Event: 2967.721 Thread 0x0000028d4fb59ad0 flushing  nmethod 0x0000028d5bd33610
Event: 2967.721 Thread 0x0000028d4fb59ad0 flushing  nmethod 0x0000028d5bd37c90
Event: 2967.721 Thread 0x0000028d4fb59ad0 flushing  nmethod 0x0000028d5bd3f710
Event: 2967.721 Thread 0x0000028d4fb59ad0 flushing  nmethod 0x0000028d5bd3fe90
Event: 2967.721 Thread 0x0000028d4fb59ad0 flushing  nmethod 0x0000028d5bd42a90
Event: 2967.721 Thread 0x0000028d4fb59ad0 flushing  nmethod 0x0000028d5bd45210
Event: 2967.721 Thread 0x0000028d4fb59ad0 flushing  nmethod 0x0000028d5bd4cf90
Event: 2967.721 Thread 0x0000028d4fb59ad0 flushing  nmethod 0x0000028d5bd4dc90
Event: 2967.721 Thread 0x0000028d4fb59ad0 flushing  nmethod 0x0000028d5bd51e90
Event: 2967.722 Thread 0x0000028d4fb59ad0 flushing  nmethod 0x0000028d5bd5a290
Event: 2967.722 Thread 0x0000028d4fb59ad0 flushing osr nmethod 0x0000028d5bd5b810
Event: 2967.722 Thread 0x0000028d4fb59ad0 flushing  nmethod 0x0000028d5bd69290
Event: 2967.722 Thread 0x0000028d4fb59ad0 flushing  nmethod 0x0000028d5bd69610
Event: 2967.722 Thread 0x0000028d4fb59ad0 flushing  nmethod 0x0000028d5bd69f90

Events (20 events):
Event: 2428.468 Thread 0x0000028d72d2c470 Thread exited: 0x0000028d72d2c470
Event: 2454.465 Thread 0x0000028d72d2bde0 Thread exited: 0x0000028d72d2bde0
Event: 2476.320 Thread 0x0000028d72d27c40 Thread added: 0x0000028d72d26f20
Event: 2543.288 Thread 0x0000028d72d26f20 Thread exited: 0x0000028d72d26f20
Event: 2580.716 Thread 0x0000028d715b1c00 Thread added: 0x0000028d72d29d10
Event: 2597.551 Thread 0x0000028d70c873e0 Thread added: 0x0000028d72d2deb0
Event: 2597.560 Thread 0x0000028d72d2deb0 Thread exited: 0x0000028d72d2deb0
Event: 2674.341 Thread 0x0000028d70c873e0 Thread added: 0x0000028d72d2a3a0
Event: 2678.883 Thread 0x0000028d72d2a3a0 Thread added: 0x0000028d72d2d820
Event: 2691.226 Thread 0x0000028d715b1c00 Thread added: 0x0000028d72d2aa30
Event: 2691.950 Thread 0x0000028d715b1c00 Thread added: 0x0000028d72d2c470
Event: 2706.809 Thread 0x0000028d70c873e0 Thread added: 0x0000028d72d2cb00
Event: 2752.161 Thread 0x0000028d72d2aa30 Thread exited: 0x0000028d72d2aa30
Event: 2755.807 Thread 0x0000028d72d2cb00 Thread added: 0x0000028d72d2e540
Event: 2866.318 Thread 0x0000028d72d2c470 Thread exited: 0x0000028d72d2c470
Event: 2958.083 Thread 0x0000028d715b1c00 Thread added: 0x0000028d72d2c470
Event: 2976.075 Thread 0x0000028d72ac6ca0 Thread added: 0x0000028d72ac58f0
Event: 2976.082 Thread 0x0000028d72ac58f0 Thread exited: 0x0000028d72ac58f0
Event: 3012.258 Thread 0x0000028d72d2e540 Thread added: 0x0000028d72ac3820
Event: 3135.348 Thread 0x0000028d72d2c470 Thread exited: 0x0000028d72d2c470


Dynamic libraries:
0x00007ff67feb0000 - 0x00007ff67febe000 	C:\Program Files\Eclipse Adoptium\jdk-21.0.4.7-hotspot\bin\java.exe
0x00007ff85c5b0000 - 0x00007ff85c7c7000 	C:\WINDOWS\SYSTEM32\ntdll.dll
0x00007ff82b520000 - 0x00007ff82b53a000 	C:\Program Files\AVG\Antivirus\aswhook.dll
0x00007ff85a2e0000 - 0x00007ff85a3a4000 	C:\WINDOWS\System32\KERNEL32.DLL
0x00007ff859e00000 - 0x00007ff85a1ad000 	C:\WINDOWS\System32\KERNELBASE.dll
0x00007ff859c10000 - 0x00007ff859d21000 	C:\WINDOWS\System32\ucrtbase.dll
0x00007ff851420000 - 0x00007ff851438000 	C:\Program Files\Eclipse Adoptium\jdk-21.0.4.7-hotspot\bin\jli.dll
0x00007ff85af90000 - 0x00007ff85b13e000 	C:\WINDOWS\System32\USER32.dll
0x00007ff859be0000 - 0x00007ff859c06000 	C:\WINDOWS\System32\win32u.dll
0x00007ff85baa0000 - 0x00007ff85bac9000 	C:\WINDOWS\System32\GDI32.dll
0x00007ff8598d0000 - 0x00007ff8599e9000 	C:\WINDOWS\System32\gdi32full.dll
0x00007ff859d60000 - 0x00007ff859dfa000 	C:\WINDOWS\System32\msvcp_win.dll
0x00007ff84a020000 - 0x00007ff84a03b000 	C:\Program Files\Eclipse Adoptium\jdk-21.0.4.7-hotspot\bin\VCRUNTIME140.dll
0x00007ff833150000 - 0x00007ff8333e3000 	C:\WINDOWS\WinSxS\amd64_microsoft.windows.common-controls_6595b64144ccf1df_6.0.22621.3672_none_2713b9d173822955\COMCTL32.dll
0x00007ff85ae90000 - 0x00007ff85af37000 	C:\WINDOWS\System32\msvcrt.dll
0x00007ff85bae0000 - 0x00007ff85bb11000 	C:\WINDOWS\System32\IMM32.DLL
0x00007ff852be0000 - 0x00007ff852bec000 	C:\Program Files\Eclipse Adoptium\jdk-21.0.4.7-hotspot\bin\vcruntime140_1.dll
0x00007ff80b980000 - 0x00007ff80ba0e000 	C:\Program Files\Eclipse Adoptium\jdk-21.0.4.7-hotspot\bin\msvcp140.dll
0x00007fffab0e0000 - 0x00007fffabe68000 	C:\Program Files\Eclipse Adoptium\jdk-21.0.4.7-hotspot\bin\server\jvm.dll
0x00007ff85c390000 - 0x00007ff85c442000 	C:\WINDOWS\System32\ADVAPI32.dll
0x00007ff85ac40000 - 0x00007ff85ace9000 	C:\WINDOWS\System32\sechost.dll
0x00007ff859d30000 - 0x00007ff859d58000 	C:\WINDOWS\System32\bcrypt.dll
0x00007ff85b7d0000 - 0x00007ff85b8e4000 	C:\WINDOWS\System32\RPCRT4.dll
0x00007ff85b6c0000 - 0x00007ff85b731000 	C:\WINDOWS\System32\WS2_32.dll
0x00007ff8597a0000 - 0x00007ff8597ed000 	C:\WINDOWS\SYSTEM32\POWRPROF.dll
0x00007ff853eb0000 - 0x00007ff853ee4000 	C:\WINDOWS\SYSTEM32\WINMM.dll
0x00007ff853ea0000 - 0x00007ff853eaa000 	C:\WINDOWS\SYSTEM32\VERSION.dll
0x00007ff859780000 - 0x00007ff859793000 	C:\WINDOWS\SYSTEM32\UMPDC.dll
0x00007ff858920000 - 0x00007ff858938000 	C:\WINDOWS\SYSTEM32\kernel.appcore.dll
0x00007ff84a1c0000 - 0x00007ff84a1ca000 	C:\Program Files\Eclipse Adoptium\jdk-21.0.4.7-hotspot\bin\jimage.dll
0x00007ff857170000 - 0x00007ff8573a2000 	C:\WINDOWS\SYSTEM32\DBGHELP.DLL
0x00007ff85a690000 - 0x00007ff85aa1e000 	C:\WINDOWS\System32\combase.dll
0x00007ff85ada0000 - 0x00007ff85ae77000 	C:\WINDOWS\System32\OLEAUT32.dll
0x00007ff852840000 - 0x00007ff852872000 	C:\WINDOWS\SYSTEM32\dbgcore.DLL
0x00007ff859b60000 - 0x00007ff859bdb000 	C:\WINDOWS\System32\bcryptPrimitives.dll
0x00007ff84a080000 - 0x00007ff84a08f000 	C:\Program Files\Eclipse Adoptium\jdk-21.0.4.7-hotspot\bin\instrument.dll
0x00007ff845d10000 - 0x00007ff845d2f000 	C:\Program Files\Eclipse Adoptium\jdk-21.0.4.7-hotspot\bin\java.dll
0x00007ff85bb20000 - 0x00007ff85c387000 	C:\WINDOWS\System32\SHELL32.dll
0x00007ff857850000 - 0x00007ff85814f000 	C:\WINDOWS\SYSTEM32\windows.storage.dll
0x00007ff857710000 - 0x00007ff85784f000 	C:\WINDOWS\SYSTEM32\wintypes.dll
0x00007ff85b140000 - 0x00007ff85b239000 	C:\WINDOWS\System32\SHCORE.dll
0x00007ff85a570000 - 0x00007ff85a5ce000 	C:\WINDOWS\System32\shlwapi.dll
0x00007ff859800000 - 0x00007ff859827000 	C:\WINDOWS\SYSTEM32\profapi.dll
0x00007ff8063a0000 - 0x00007ff806477000 	C:\Program Files\Eclipse Adoptium\jdk-21.0.4.7-hotspot\bin\jsvml.dll
0x00007ff83a690000 - 0x00007ff83a6a8000 	C:\Program Files\Eclipse Adoptium\jdk-21.0.4.7-hotspot\bin\zip.dll
0x00007ff849c10000 - 0x00007ff849c20000 	C:\Program Files\Eclipse Adoptium\jdk-21.0.4.7-hotspot\bin\net.dll
0x00007ff853860000 - 0x00007ff853996000 	C:\WINDOWS\SYSTEM32\WINHTTP.dll
0x00007ff858d90000 - 0x00007ff858df9000 	C:\WINDOWS\system32\mswsock.dll
0x00007ff838370000 - 0x00007ff838386000 	C:\Program Files\Eclipse Adoptium\jdk-21.0.4.7-hotspot\bin\nio.dll
0x00007ff83a5b0000 - 0x00007ff83a5c0000 	C:\Program Files\Eclipse Adoptium\jdk-21.0.4.7-hotspot\bin\verify.dll
0x00007ff805ba0000 - 0x00007ff805be5000 	C:\Users\juan_\AppData\Roaming\Code\User\globalStorage\redhat.java\1.34.0\config_win\org.eclipse.equinox.launcher\org.eclipse.equinox.launcher.win32.win32.x86_64_1.2.1100.v20240722-2106\eclipse_11904.dll
0x00007ff85b8f0000 - 0x00007ff85ba95000 	C:\WINDOWS\System32\ole32.dll
0x00007ff853590000 - 0x00007ff85359a000 	C:\Program Files\Eclipse Adoptium\jdk-21.0.4.7-hotspot\bin\management.dll
0x00007ff853560000 - 0x00007ff85356b000 	C:\Program Files\Eclipse Adoptium\jdk-21.0.4.7-hotspot\bin\management_ext.dll
0x00007ff85bad0000 - 0x00007ff85bad8000 	C:\WINDOWS\System32\PSAPI.DLL
0x00007ff858fe0000 - 0x00007ff858ffb000 	C:\WINDOWS\SYSTEM32\CRYPTSP.dll
0x00007ff858880000 - 0x00007ff8588b5000 	C:\WINDOWS\system32\rsaenh.dll
0x00007ff858e80000 - 0x00007ff858ea8000 	C:\WINDOWS\SYSTEM32\USERENV.dll
0x00007ff859000000 - 0x00007ff85900c000 	C:\WINDOWS\SYSTEM32\CRYPTBASE.dll
0x00007ff8583f0000 - 0x00007ff85841d000 	C:\WINDOWS\SYSTEM32\IPHLPAPI.DLL
0x00007ff85ae80000 - 0x00007ff85ae89000 	C:\WINDOWS\System32\NSI.dll
0x00007ff804560000 - 0x00007ff8045a5000 	C:\Users\juan_\AppData\Local\Temp\jna-101475495\jna2822918784566165245.dll
0x00007ff853a00000 - 0x00007ff853a19000 	C:\WINDOWS\SYSTEM32\dhcpcsvc6.DLL
0x00007ff8539e0000 - 0x00007ff8539ff000 	C:\WINDOWS\SYSTEM32\dhcpcsvc.DLL
0x00007ff8534d0000 - 0x00007ff8534de000 	C:\Program Files\Eclipse Adoptium\jdk-21.0.4.7-hotspot\bin\sunmscapi.dll
0x00007ff8599f0000 - 0x00007ff859b56000 	C:\WINDOWS\System32\CRYPT32.dll
0x00007ff8591a0000 - 0x00007ff8591ce000 	C:\WINDOWS\SYSTEM32\ncrypt.dll
0x00007ff859160000 - 0x00007ff859197000 	C:\WINDOWS\SYSTEM32\NTASN1.dll
0x00007ff858420000 - 0x00007ff858518000 	C:\WINDOWS\SYSTEM32\DNSAPI.dll
0x00007ff845ce0000 - 0x00007ff845cea000 	C:\Windows\System32\rasadhlp.dll
0x00007ff853240000 - 0x00007ff8532c3000 	C:\WINDOWS\System32\fwpuclnt.dll
0x00007ff8382b0000 - 0x00007ff8382b9000 	C:\Program Files\Eclipse Adoptium\jdk-21.0.4.7-hotspot\bin\extnet.dll

dbghelp: loaded successfully - version: 4.0.5 - missing functions: none
symbol engine: initialized successfully - sym options: 0x614 - pdb path: .;C:\Program Files\Eclipse Adoptium\jdk-21.0.4.7-hotspot\bin;C:\WINDOWS\SYSTEM32;C:\Program Files\AVG\Antivirus;C:\WINDOWS\WinSxS\amd64_microsoft.windows.common-controls_6595b64144ccf1df_6.0.22621.3672_none_2713b9d173822955;C:\Program Files\Eclipse Adoptium\jdk-21.0.4.7-hotspot\bin\server;C:\Users\juan_\AppData\Roaming\Code\User\globalStorage\redhat.java\1.34.0\config_win\org.eclipse.equinox.launcher\org.eclipse.equinox.launcher.win32.win32.x86_64_1.2.1100.v20240722-2106;C:\Users\juan_\AppData\Local\Temp\jna-101475495

VM Arguments:
jvm_args: --add-modules=ALL-SYSTEM --add-opens=java.base/java.util=ALL-UNNAMED --add-opens=java.base/java.lang=ALL-UNNAMED --add-opens=java.base/sun.nio.fs=ALL-UNNAMED -Declipse.application=org.eclipse.jdt.ls.core.id1 -Dosgi.bundles.defaultStartLevel=4 -Declipse.product=org.eclipse.jdt.ls.core.product -Djava.import.generatesMetadataFilesAtProjectRoot=false -DDetectVMInstallationsJob.disabled=true -Dfile.encoding=utf8 -XX:+UseParallelGC -XX:GCTimeRatio=4 -XX:AdaptiveSizePolicyWeight=90 -Dsun.zip.disableMemoryMapping=true -Xmx1G -Xms100m -Xlog:disable -javaagent:c:\Users\juan_\.vscode\extensions\redhat.java-1.34.0-win32-x64\lombok\lombok-1.18.33.jar -XX:+HeapDumpOnOutOfMemoryError -XX:HeapDumpPath=c:\Users\juan_\AppData\Roaming\Code\User\workspaceStorage\45fc6bc55831af15687ecb4d4a509c23\redhat.java -Daether.dependencyCollector.impl=bf 
java_command: c:\Users\juan_\.vscode\extensions\redhat.java-1.34.0-win32-x64\server\plugins\org.eclipse.equinox.launcher_1.6.900.v20240613-2009.jar -configuration c:\Users\juan_\AppData\Roaming\Code\User\globalStorage\redhat.java\1.34.0\config_win -data c:\Users\juan_\AppData\Roaming\Code\User\workspaceStorage\45fc6bc55831af15687ecb4d4a509c23\redhat.java\jdt_ws --pipe=\\.\pipe\lsp-c4f339108c9c6b4a6ecdcfc4f4dcba98-sock
java_class_path (initial): c:\Users\juan_\.vscode\extensions\redhat.java-1.34.0-win32-x64\server\plugins\org.eclipse.equinox.launcher_1.6.900.v20240613-2009.jar
Launcher Type: SUN_STANDARD

[Global flags]
    uintx AdaptiveSizePolicyWeight                 = 90                                        {product} {command line}
     intx CICompilerCount                          = 3                                         {product} {ergonomic}
    uintx GCTimeRatio                              = 4                                         {product} {command line}
     bool HeapDumpOnOutOfMemoryError               = true                                   {manageable} {command line}
    ccstr HeapDumpPath                             = c:\Users\juan_\AppData\Roaming\Code\User\workspaceStorage\45fc6bc55831af15687ecb4d4a509c23\redhat.java         {manageable} {command line}
   size_t InitialHeapSize                          = 104857600                                 {product} {command line}
   size_t MaxHeapSize                              = 1073741824                                {product} {command line}
   size_t MaxNewSize                               = 357564416                                 {product} {ergonomic}
   size_t MinHeapDeltaBytes                        = 524288                                    {product} {ergonomic}
   size_t MinHeapSize                              = 104857600                                 {product} {command line}
   size_t NewSize                                  = 34603008                                  {product} {ergonomic}
    uintx NonNMethodCodeHeapSize                   = 5832780                                {pd product} {ergonomic}
    uintx NonProfiledCodeHeapSize                  = 122912730                              {pd product} {ergonomic}
   size_t OldSize                                  = 70254592                                  {product} {ergonomic}
    uintx ProfiledCodeHeapSize                     = 122912730                              {pd product} {ergonomic}
    uintx ReservedCodeCacheSize                    = 251658240                              {pd product} {ergonomic}
     bool SegmentedCodeCache                       = true                                      {product} {ergonomic}
   size_t SoftMaxHeapSize                          = 1073741824                             {manageable} {ergonomic}
     bool UseCompressedOops                        = true                           {product lp64_product} {ergonomic}
     bool UseLargePagesIndividualAllocation        = false                                  {pd product} {ergonomic}
     bool UseParallelGC                            = true                                      {product} {command line}

Logging:
Log output configuration:
 #0: stdout all=off uptime,level,tags foldmultilines=false
 #1: stderr all=off uptime,level,tags foldmultilines=false

Environment Variables:
JAVA_HOME=C:\Program Files\Eclipse Adoptium\jdk-21.0.4.7-hotspot\
PATH=C:\Program Files\Eclipse Adoptium\jdk-21.0.4.7-hotspot\bin;C:\Program Files (x86)\Common Files\Oracle\Java\javapath;C:\WINDOWS\system32;C:\WINDOWS;C:\WINDOWS\System32\Wbem;C:\WINDOWS\System32\WindowsPowerShell\v1.0\;C:\WINDOWS\System32\OpenSSH\;C:\Program Files\HP\HP One Agent;C:\Program Files\Git\cmd;C:\Program Files\apache-maven-3.9.8\bin;C:\Users\juan_\AppData\Local\Programs\Microsoft VS Code\bin;C:\Program Files (x86)\apache-maven-3.9.8\bin;
USERNAME=juan_
OS=Windows_NT
PROCESSOR_IDENTIFIER=Intel64 Family 6 Model 142 Stepping 12, GenuineIntel
TMP=C:\Users\juan_\AppData\Local\Temp
TEMP=C:\Users\juan_\AppData\Local\Temp




Periodic native trim disabled

---------------  S Y S T E M  ---------------

OS:
 Windows 11 , 64 bit Build 22621 (10.0.22621.3958)
OS uptime: 3 days 19:40 hours

CPU: total 4 (initial active 4) (2 cores per cpu, 2 threads per core) family 6 model 142 stepping 12 microcode 0xec, cx8, cmov, fxsr, ht, mmx, 3dnowpref, sse, sse2, sse3, ssse3, sse4.1, sse4.2, popcnt, lzcnt, tsc, tscinvbit, aes, erms, clmul, clflush, clflushopt, rdtscp
Processor Information for all 4 processors :
  Max Mhz: 2400, Current Mhz: 2400, Mhz Limit: 2400

Memory: 4k page, system-wide physical 3919M (424M free)
TotalPageFile size 12111M (AvailPageFile size 128M)
current process WorkingSet (physical memory assigned to process): 189M, peak: 482M
current process commit charge ("private bytes"): 975M, peak: 1001M

vm_info: OpenJDK 64-Bit Server VM (21.0.4+7-LTS) for windows-amd64 JRE (21.0.4+7-LTS), built on 2024-07-16T00:00:00Z by "admin" with MS VC++ 17.7 (VS2022)

END.
